#
# A fatal error has been detected by the Java Runtime Environment:
#
#  SIGSEGV (0xb) at pc=0x0000000000000000, pid=33857, tid=33885
#
# JRE version: OpenJDK Runtime Environment Zulu15.34+17-CA (15.0.4+5) (build 15.0.4+5-MTS)
# Java VM: OpenJDK 64-Bit Server VM Zulu15.34+17-CA (15.0.4+5-MTS, mixed mode, sharing, tiered, compressed oops, g1 gc, linux-amd64)
# Problematic frame:
# C  0x0000000000000000
#
# Core dump will be written. Default location: Core dumps may be processed with "/usr/share/apport/apport %p %s %c %d %P %E" (or dumping to /home/alexis/Desktop/Dev/Survival/core/assets/core.33857)
#
# If you would like to submit a bug report, please visit:
#   http://www.azul.com/support/
#

---------------  S U M M A R Y ------------

Command Line: -Dfile.encoding=UTF-8 -Duser.country=US -Duser.language=en -Duser.variant com.mygdx.game.desktop.DesktopLauncher

Host: Intel(R) Core(TM) i7-3770 CPU @ 3.40GHz, 8 cores, 7G, Ubuntu 20.04.2 LTS
Time: Mon Aug  9 16:39:26 2021 +04 elapsed time: 913.710084 seconds (0d 0h 15m 13s)

---------------  T H R E A D  ---------------

Current thread is native thread

Stack: [0x00007f5a1a05e000,0x00007f5a1a15d000],  sp=0x00007f5a1a15bcf8,  free space=1015k

siginfo: si_signo: 11 (SIGSEGV), si_code: 1 (SEGV_MAPERR), si_addr: 0x0000000000000000

Registers:
RAX=0x00007f5a1b2877c0, RBX=0x0000000000000400, RCX=0x0000000000000000, RDX=0x00007f5a843ba1b0
RSP=0x00007f5a1a15bcf8, RBP=0x00007f5a843a6020, RSI=0x0000000000000000, RDI=0x00007f5a843a6020
R8 =0x00000000000003ff, R9 =0x0000000000000001, R10=0x0000000000003ff0, R11=0x0000000000000202
R12=0x00007f5a843aa1b0, R13=0x0000000000012000, R14=0x0000000000001000, R15=0x00007f5a1a15bea8
RIP=0x0000000000000000, EFLAGS=0x0000000000010246, CSGSFS=0x002b000000000033, ERR=0x0000000000000014
  TRAPNO=0x000000000000000e

Top of Stack: (sp=0x00007f5a1a15bcf8)
0x00007f5a1a15bcf8:   00007f5a1b0504d1 0000000000000000
0x00007f5a1a15bd08:   0000000000000000 00000000bb800000
0x00007f5a1a15bd18:   00007f5a1aff1bd0 00007f5a00000000
0x00007f5a1a15bd28:   00007f5a1afea75f 0000000000000000 

Instructions: (pc=0x0000000000000000)
0xffffffffffffff00:   



---------------  P R O C E S S  ---------------

VM state: at safepoint (shutting down)

VM Mutex/Monitor currently owned by a thread:  ([mutex/lock_event])
[0x00007f5a840250d0] Threads_lock - owner thread: 0x00007f5a84125080
[0x00007f5a84025910] Heap_lock - owner thread: 0x00007f5a3c000ed0

Heap address: 0x0000000084200000, size: 1982 MB, Compressed Oops mode: 32-bit
CDS archive(s) mapped at: [0x0000000800000000-0x0000000800b3c000-0x0000000800b3c000), size 11780096, SharedBaseAddress: 0x0000000800000000, ArchiveRelocationMode: 0.
Compressed class space mapped at: 0x0000000800b3c000-0x0000000840b3c000, size: 1073741824
Narrow klass base: 0x0000000800000000, Narrow klass shift: 3, Narrow klass range: 0x100000000

GC Precious Log:
 CPUs: 8 total, 8 available
 Memory: 7927M
 Large Page Support: Disabled
 NUMA Support: Disabled
 Compressed Oops: Enabled (32-bit)
 Heap Region Size: 1M
 Heap Min Capacity: 8M
 Heap Initial Capacity: 124M
 Heap Max Capacity: 1982M
 Pre-touch: Disabled
 Parallel Workers: 8
 Concurrent Workers: 2
 Concurrent Refinement Workers: 8
 Periodic GC: Disabled

Heap:
 garbage-first heap   total 129024K, used 11064K [0x0000000084200000, 0x0000000100000000)
  region size 1024K, 12 young (12288K), 0 survivors (0K)
 Metaspace       used 6197K, capacity 6911K, committed 7296K, reserved 1056768K
  class space    used 466K, capacity 562K, committed 640K, reserved 1048576K

Heap Regions: E=young(eden), S=young(survivor), O=old, HS=humongous(starts), HC=humongous(continues), CS=collection set, F=free, OA=open archive, CA=closed archive, TAMS=top-at-mark-start (previous, next)
|   0|0x0000000084200000, 0x0000000084200000, 0x0000000084300000|  0%| F|  |TAMS 0x0000000084200000, 0x0000000084200000| Untracked 
|   1|0x0000000084300000, 0x0000000084300000, 0x0000000084400000|  0%| F|  |TAMS 0x0000000084300000, 0x0000000084300000| Untracked 
|   2|0x0000000084400000, 0x0000000084400000, 0x0000000084500000|  0%| F|  |TAMS 0x0000000084400000, 0x0000000084400000| Untracked 
|   3|0x0000000084500000, 0x0000000084500000, 0x0000000084600000|  0%| F|  |TAMS 0x0000000084500000, 0x0000000084500000| Untracked 
|   4|0x0000000084600000, 0x0000000084600000, 0x0000000084700000|  0%| F|  |TAMS 0x0000000084600000, 0x0000000084600000| Untracked 
|   5|0x0000000084700000, 0x0000000084700000, 0x0000000084800000|  0%| F|  |TAMS 0x0000000084700000, 0x0000000084700000| Untracked 
|   6|0x0000000084800000, 0x0000000084800000, 0x0000000084900000|  0%| F|  |TAMS 0x0000000084800000, 0x0000000084800000| Untracked 
|   7|0x0000000084900000, 0x0000000084900000, 0x0000000084a00000|  0%| F|  |TAMS 0x0000000084900000, 0x0000000084900000| Untracked 
|   8|0x0000000084a00000, 0x0000000084a00000, 0x0000000084b00000|  0%| F|  |TAMS 0x0000000084a00000, 0x0000000084a00000| Untracked 
|   9|0x0000000084b00000, 0x0000000084b00000, 0x0000000084c00000|  0%| F|  |TAMS 0x0000000084b00000, 0x0000000084b00000| Untracked 
|  10|0x0000000084c00000, 0x0000000084c00000, 0x0000000084d00000|  0%| F|  |TAMS 0x0000000084c00000, 0x0000000084c00000| Untracked 
|  11|0x0000000084d00000, 0x0000000084d00000, 0x0000000084e00000|  0%| F|  |TAMS 0x0000000084d00000, 0x0000000084d00000| Untracked 
|  12|0x0000000084e00000, 0x0000000084e00000, 0x0000000084f00000|  0%| F|  |TAMS 0x0000000084e00000, 0x0000000084e00000| Untracked 
|  13|0x0000000084f00000, 0x0000000084f00000, 0x0000000085000000|  0%| F|  |TAMS 0x0000000084f00000, 0x0000000084f00000| Untracked 
|  14|0x0000000085000000, 0x0000000085000000, 0x0000000085100000|  0%| F|  |TAMS 0x0000000085000000, 0x0000000085000000| Untracked 
|  15|0x0000000085100000, 0x0000000085100000, 0x0000000085200000|  0%| F|  |TAMS 0x0000000085100000, 0x0000000085100000| Untracked 
|  16|0x0000000085200000, 0x0000000085200000, 0x0000000085300000|  0%| F|  |TAMS 0x0000000085200000, 0x0000000085200000| Untracked 
|  17|0x0000000085300000, 0x0000000085300000, 0x0000000085400000|  0%| F|  |TAMS 0x0000000085300000, 0x0000000085300000| Untracked 
|  18|0x0000000085400000, 0x0000000085400000, 0x0000000085500000|  0%| F|  |TAMS 0x0000000085400000, 0x0000000085400000| Untracked 
|  19|0x0000000085500000, 0x0000000085500000, 0x0000000085600000|  0%| F|  |TAMS 0x0000000085500000, 0x0000000085500000| Untracked 
|  20|0x0000000085600000, 0x0000000085600000, 0x0000000085700000|  0%| F|  |TAMS 0x0000000085600000, 0x0000000085600000| Untracked 
|  21|0x0000000085700000, 0x0000000085700000, 0x0000000085800000|  0%| F|  |TAMS 0x0000000085700000, 0x0000000085700000| Untracked 
|  22|0x0000000085800000, 0x0000000085800000, 0x0000000085900000|  0%| F|  |TAMS 0x0000000085800000, 0x0000000085800000| Untracked 
|  23|0x0000000085900000, 0x0000000085900000, 0x0000000085a00000|  0%| F|  |TAMS 0x0000000085900000, 0x0000000085900000| Untracked 
|  24|0x0000000085a00000, 0x0000000085a00000, 0x0000000085b00000|  0%| F|  |TAMS 0x0000000085a00000, 0x0000000085a00000| Untracked 
|  25|0x0000000085b00000, 0x0000000085b00000, 0x0000000085c00000|  0%| F|  |TAMS 0x0000000085b00000, 0x0000000085b00000| Untracked 
|  26|0x0000000085c00000, 0x0000000085c00000, 0x0000000085d00000|  0%| F|  |TAMS 0x0000000085c00000, 0x0000000085c00000| Untracked 
|  27|0x0000000085d00000, 0x0000000085d00000, 0x0000000085e00000|  0%| F|  |TAMS 0x0000000085d00000, 0x0000000085d00000| Untracked 
|  28|0x0000000085e00000, 0x0000000085e00000, 0x0000000085f00000|  0%| F|  |TAMS 0x0000000085e00000, 0x0000000085e00000| Untracked 
|  29|0x0000000085f00000, 0x0000000085f00000, 0x0000000086000000|  0%| F|  |TAMS 0x0000000085f00000, 0x0000000085f00000| Untracked 
|  30|0x0000000086000000, 0x0000000086000000, 0x0000000086100000|  0%| F|  |TAMS 0x0000000086000000, 0x0000000086000000| Untracked 
|  31|0x0000000086100000, 0x0000000086100000, 0x0000000086200000|  0%| F|  |TAMS 0x0000000086100000, 0x0000000086100000| Untracked 
|  32|0x0000000086200000, 0x0000000086200000, 0x0000000086300000|  0%| F|  |TAMS 0x0000000086200000, 0x0000000086200000| Untracked 
|  33|0x0000000086300000, 0x0000000086300000, 0x0000000086400000|  0%| F|  |TAMS 0x0000000086300000, 0x0000000086300000| Untracked 
|  34|0x0000000086400000, 0x0000000086400000, 0x0000000086500000|  0%| F|  |TAMS 0x0000000086400000, 0x0000000086400000| Untracked 
|  35|0x0000000086500000, 0x0000000086500000, 0x0000000086600000|  0%| F|  |TAMS 0x0000000086500000, 0x0000000086500000| Untracked 
|  36|0x0000000086600000, 0x0000000086600000, 0x0000000086700000|  0%| F|  |TAMS 0x0000000086600000, 0x0000000086600000| Untracked 
|  37|0x0000000086700000, 0x0000000086700000, 0x0000000086800000|  0%| F|  |TAMS 0x0000000086700000, 0x0000000086700000| Untracked 
|  38|0x0000000086800000, 0x0000000086800000, 0x0000000086900000|  0%| F|  |TAMS 0x0000000086800000, 0x0000000086800000| Untracked 
|  39|0x0000000086900000, 0x0000000086900000, 0x0000000086a00000|  0%| F|  |TAMS 0x0000000086900000, 0x0000000086900000| Untracked 
|  40|0x0000000086a00000, 0x0000000086a00000, 0x0000000086b00000|  0%| F|  |TAMS 0x0000000086a00000, 0x0000000086a00000| Untracked 
|  41|0x0000000086b00000, 0x0000000086b00000, 0x0000000086c00000|  0%| F|  |TAMS 0x0000000086b00000, 0x0000000086b00000| Untracked 
|  42|0x0000000086c00000, 0x0000000086c00000, 0x0000000086d00000|  0%| F|  |TAMS 0x0000000086c00000, 0x0000000086c00000| Untracked 
|  43|0x0000000086d00000, 0x0000000086d00000, 0x0000000086e00000|  0%| F|  |TAMS 0x0000000086d00000, 0x0000000086d00000| Untracked 
|  44|0x0000000086e00000, 0x0000000086e00000, 0x0000000086f00000|  0%| F|  |TAMS 0x0000000086e00000, 0x0000000086e00000| Untracked 
|  45|0x0000000086f00000, 0x0000000086f00000, 0x0000000087000000|  0%| F|  |TAMS 0x0000000086f00000, 0x0000000086f00000| Untracked 
|  46|0x0000000087000000, 0x0000000087000000, 0x0000000087100000|  0%| F|  |TAMS 0x0000000087000000, 0x0000000087000000| Untracked 
|  47|0x0000000087100000, 0x0000000087100000, 0x0000000087200000|  0%| F|  |TAMS 0x0000000087100000, 0x0000000087100000| Untracked 
|  48|0x0000000087200000, 0x0000000087200000, 0x0000000087300000|  0%| F|  |TAMS 0x0000000087200000, 0x0000000087200000| Untracked 
|  49|0x0000000087300000, 0x0000000087300000, 0x0000000087400000|  0%| F|  |TAMS 0x0000000087300000, 0x0000000087300000| Untracked 
|  50|0x0000000087400000, 0x0000000087400000, 0x0000000087500000|  0%| F|  |TAMS 0x0000000087400000, 0x0000000087400000| Untracked 
|  51|0x0000000087500000, 0x0000000087500000, 0x0000000087600000|  0%| F|  |TAMS 0x0000000087500000, 0x0000000087500000| Untracked 
|  52|0x0000000087600000, 0x0000000087600000, 0x0000000087700000|  0%| F|  |TAMS 0x0000000087600000, 0x0000000087600000| Untracked 
|  53|0x0000000087700000, 0x0000000087700000, 0x0000000087800000|  0%| F|  |TAMS 0x0000000087700000, 0x0000000087700000| Untracked 
|  54|0x0000000087800000, 0x0000000087800000, 0x0000000087900000|  0%| F|  |TAMS 0x0000000087800000, 0x0000000087800000| Untracked 
|  55|0x0000000087900000, 0x0000000087900000, 0x0000000087a00000|  0%| F|  |TAMS 0x0000000087900000, 0x0000000087900000| Untracked 
|  56|0x0000000087a00000, 0x0000000087a00000, 0x0000000087b00000|  0%| F|  |TAMS 0x0000000087a00000, 0x0000000087a00000| Untracked 
|  57|0x0000000087b00000, 0x0000000087b00000, 0x0000000087c00000|  0%| F|  |TAMS 0x0000000087b00000, 0x0000000087b00000| Untracked 
|  58|0x0000000087c00000, 0x0000000087c00000, 0x0000000087d00000|  0%| F|  |TAMS 0x0000000087c00000, 0x0000000087c00000| Untracked 
|  59|0x0000000087d00000, 0x0000000087d00000, 0x0000000087e00000|  0%| F|  |TAMS 0x0000000087d00000, 0x0000000087d00000| Untracked 
|  60|0x0000000087e00000, 0x0000000087e00000, 0x0000000087f00000|  0%| F|  |TAMS 0x0000000087e00000, 0x0000000087e00000| Untracked 
|  61|0x0000000087f00000, 0x0000000087f00000, 0x0000000088000000|  0%| F|  |TAMS 0x0000000087f00000, 0x0000000087f00000| Untracked 
|  62|0x0000000088000000, 0x0000000088000000, 0x0000000088100000|  0%| F|  |TAMS 0x0000000088000000, 0x0000000088000000| Untracked 
|  63|0x0000000088100000, 0x0000000088100000, 0x0000000088200000|  0%| F|  |TAMS 0x0000000088100000, 0x0000000088100000| Untracked 
|  64|0x0000000088200000, 0x0000000088200000, 0x0000000088300000|  0%| F|  |TAMS 0x0000000088200000, 0x0000000088200000| Untracked 
|  65|0x0000000088300000, 0x0000000088300000, 0x0000000088400000|  0%| F|  |TAMS 0x0000000088300000, 0x0000000088300000| Untracked 
|  66|0x0000000088400000, 0x0000000088400000, 0x0000000088500000|  0%| F|  |TAMS 0x0000000088400000, 0x0000000088400000| Untracked 
|  67|0x0000000088500000, 0x0000000088500000, 0x0000000088600000|  0%| F|  |TAMS 0x0000000088500000, 0x0000000088500000| Untracked 
|  68|0x0000000088600000, 0x0000000088600000, 0x0000000088700000|  0%| F|  |TAMS 0x0000000088600000, 0x0000000088600000| Untracked 
|  69|0x0000000088700000, 0x0000000088700000, 0x0000000088800000|  0%| F|  |TAMS 0x0000000088700000, 0x0000000088700000| Untracked 
|  70|0x0000000088800000, 0x0000000088800000, 0x0000000088900000|  0%| F|  |TAMS 0x0000000088800000, 0x0000000088800000| Untracked 
|  71|0x0000000088900000, 0x0000000088900000, 0x0000000088a00000|  0%| F|  |TAMS 0x0000000088900000, 0x0000000088900000| Untracked 
|  72|0x0000000088a00000, 0x0000000088a00000, 0x0000000088b00000|  0%| F|  |TAMS 0x0000000088a00000, 0x0000000088a00000| Untracked 
|  73|0x0000000088b00000, 0x0000000088b00000, 0x0000000088c00000|  0%| F|  |TAMS 0x0000000088b00000, 0x0000000088b00000| Untracked 
|  74|0x0000000088c00000, 0x0000000088c00000, 0x0000000088d00000|  0%| F|  |TAMS 0x0000000088c00000, 0x0000000088c00000| Untracked 
|  75|0x0000000088d00000, 0x0000000088d00000, 0x0000000088e00000|  0%| F|  |TAMS 0x0000000088d00000, 0x0000000088d00000| Untracked 
|  76|0x0000000088e00000, 0x0000000088e00000, 0x0000000088f00000|  0%| F|  |TAMS 0x0000000088e00000, 0x0000000088e00000| Untracked 
|  77|0x0000000088f00000, 0x0000000088f00000, 0x0000000089000000|  0%| F|  |TAMS 0x0000000088f00000, 0x0000000088f00000| Untracked 
|  78|0x0000000089000000, 0x0000000089000000, 0x0000000089100000|  0%| F|  |TAMS 0x0000000089000000, 0x0000000089000000| Untracked 
|  79|0x0000000089100000, 0x0000000089100000, 0x0000000089200000|  0%| F|  |TAMS 0x0000000089100000, 0x0000000089100000| Untracked 
|  80|0x0000000089200000, 0x0000000089200000, 0x0000000089300000|  0%| F|  |TAMS 0x0000000089200000, 0x0000000089200000| Untracked 
|  81|0x0000000089300000, 0x0000000089300000, 0x0000000089400000|  0%| F|  |TAMS 0x0000000089300000, 0x0000000089300000| Untracked 
|  82|0x0000000089400000, 0x0000000089400000, 0x0000000089500000|  0%| F|  |TAMS 0x0000000089400000, 0x0000000089400000| Untracked 
|  83|0x0000000089500000, 0x0000000089500000, 0x0000000089600000|  0%| F|  |TAMS 0x0000000089500000, 0x0000000089500000| Untracked 
|  84|0x0000000089600000, 0x0000000089600000, 0x0000000089700000|  0%| F|  |TAMS 0x0000000089600000, 0x0000000089600000| Untracked 
|  85|0x0000000089700000, 0x0000000089700000, 0x0000000089800000|  0%| F|  |TAMS 0x0000000089700000, 0x0000000089700000| Untracked 
|  86|0x0000000089800000, 0x0000000089800000, 0x0000000089900000|  0%| F|  |TAMS 0x0000000089800000, 0x0000000089800000| Untracked 
|  87|0x0000000089900000, 0x0000000089900000, 0x0000000089a00000|  0%| F|  |TAMS 0x0000000089900000, 0x0000000089900000| Untracked 
|  88|0x0000000089a00000, 0x0000000089a00000, 0x0000000089b00000|  0%| F|  |TAMS 0x0000000089a00000, 0x0000000089a00000| Untracked 
|  89|0x0000000089b00000, 0x0000000089b00000, 0x0000000089c00000|  0%| F|  |TAMS 0x0000000089b00000, 0x0000000089b00000| Untracked 
|  90|0x0000000089c00000, 0x0000000089c00000, 0x0000000089d00000|  0%| F|  |TAMS 0x0000000089c00000, 0x0000000089c00000| Untracked 
|  91|0x0000000089d00000, 0x0000000089d00000, 0x0000000089e00000|  0%| F|  |TAMS 0x0000000089d00000, 0x0000000089d00000| Untracked 
|  92|0x0000000089e00000, 0x0000000089e00000, 0x0000000089f00000|  0%| F|  |TAMS 0x0000000089e00000, 0x0000000089e00000| Untracked 
|  93|0x0000000089f00000, 0x0000000089f00000, 0x000000008a000000|  0%| F|  |TAMS 0x0000000089f00000, 0x0000000089f00000| Untracked 
|  94|0x000000008a000000, 0x000000008a000000, 0x000000008a100000|  0%| F|  |TAMS 0x000000008a000000, 0x000000008a000000| Untracked 
|  95|0x000000008a100000, 0x000000008a100000, 0x000000008a200000|  0%| F|  |TAMS 0x000000008a100000, 0x000000008a100000| Untracked 
|  96|0x000000008a200000, 0x000000008a200000, 0x000000008a300000|  0%| F|  |TAMS 0x000000008a200000, 0x000000008a200000| Untracked 
|  97|0x000000008a300000, 0x000000008a300000, 0x000000008a400000|  0%| F|  |TAMS 0x000000008a300000, 0x000000008a300000| Untracked 
|  98|0x000000008a400000, 0x000000008a400000, 0x000000008a500000|  0%| F|  |TAMS 0x000000008a400000, 0x000000008a400000| Untracked 
|  99|0x000000008a500000, 0x000000008a500000, 0x000000008a600000|  0%| F|  |TAMS 0x000000008a500000, 0x000000008a500000| Untracked 
| 100|0x000000008a600000, 0x000000008a600000, 0x000000008a700000|  0%| F|  |TAMS 0x000000008a600000, 0x000000008a600000| Untracked 
| 101|0x000000008a700000, 0x000000008a700000, 0x000000008a800000|  0%| F|  |TAMS 0x000000008a700000, 0x000000008a700000| Untracked 
| 102|0x000000008a800000, 0x000000008a800000, 0x000000008a900000|  0%| F|  |TAMS 0x000000008a800000, 0x000000008a800000| Untracked 
| 103|0x000000008a900000, 0x000000008a900000, 0x000000008aa00000|  0%| F|  |TAMS 0x000000008a900000, 0x000000008a900000| Untracked 
| 104|0x000000008aa00000, 0x000000008aa00000, 0x000000008ab00000|  0%| F|  |TAMS 0x000000008aa00000, 0x000000008aa00000| Untracked 
| 105|0x000000008ab00000, 0x000000008ab00000, 0x000000008ac00000|  0%| F|  |TAMS 0x000000008ab00000, 0x000000008ab00000| Untracked 
| 106|0x000000008ac00000, 0x000000008ac00000, 0x000000008ad00000|  0%| F|  |TAMS 0x000000008ac00000, 0x000000008ac00000| Untracked 
| 107|0x000000008ad00000, 0x000000008ad00000, 0x000000008ae00000|  0%| F|  |TAMS 0x000000008ad00000, 0x000000008ad00000| Untracked 
| 108|0x000000008ae00000, 0x000000008ae00000, 0x000000008af00000|  0%| F|  |TAMS 0x000000008ae00000, 0x000000008ae00000| Untracked 
| 109|0x000000008af00000, 0x000000008af00000, 0x000000008b000000|  0%| F|  |TAMS 0x000000008af00000, 0x000000008af00000| Untracked 
| 110|0x000000008b000000, 0x000000008b000000, 0x000000008b100000|  0%| F|  |TAMS 0x000000008b000000, 0x000000008b000000| Untracked 
| 111|0x000000008b100000, 0x000000008b100000, 0x000000008b200000|  0%| F|  |TAMS 0x000000008b100000, 0x000000008b100000| Untracked 
| 112|0x000000008b200000, 0x000000008b300000, 0x000000008b300000|100%| E|  |TAMS 0x000000008b200000, 0x000000008b200000| Complete 
| 113|0x000000008b300000, 0x000000008b400000, 0x000000008b400000|100%| E|CS|TAMS 0x000000008b300000, 0x000000008b300000| Complete 
| 114|0x000000008b400000, 0x000000008b500000, 0x000000008b500000|100%| E|  |TAMS 0x000000008b400000, 0x000000008b400000| Complete 
| 115|0x000000008b500000, 0x000000008b600000, 0x000000008b600000|100%| E|CS|TAMS 0x000000008b500000, 0x000000008b500000| Complete 
| 116|0x000000008b600000, 0x000000008b700000, 0x000000008b700000|100%| E|CS|TAMS 0x000000008b600000, 0x000000008b600000| Complete 
| 117|0x000000008b700000, 0x000000008b800000, 0x000000008b800000|100%| E|CS|TAMS 0x000000008b700000, 0x000000008b700000| Complete 
| 118|0x000000008b800000, 0x000000008b900000, 0x000000008b900000|100%| E|CS|TAMS 0x000000008b800000, 0x000000008b800000| Complete 
| 119|0x000000008b900000, 0x000000008ba00000, 0x000000008ba00000|100%| E|CS|TAMS 0x000000008b900000, 0x000000008b900000| Complete 
| 120|0x000000008ba00000, 0x000000008bb00000, 0x000000008bb00000|100%| E|CS|TAMS 0x000000008ba00000, 0x000000008ba00000| Complete 
| 121|0x000000008bb00000, 0x000000008bc00000, 0x000000008bc00000|100%| E|CS|TAMS 0x000000008bb00000, 0x000000008bb00000| Complete 
| 122|0x000000008bc00000, 0x000000008bd00000, 0x000000008bd00000|100%| E|CS|TAMS 0x000000008bc00000, 0x000000008bc00000| Complete 
| 123|0x000000008bd00000, 0x000000008be00000, 0x000000008be00000|100%| E|CS|TAMS 0x000000008bd00000, 0x000000008bd00000| Complete 
|1980|0x00000000ffe00000, 0x00000000ffe52000, 0x00000000fff00000| 32%|OA|  |TAMS 0x00000000ffe00000, 0x00000000ffe00000| Untracked 
|1981|0x00000000fff00000, 0x00000000fff7c000, 0x0000000100000000| 48%|CA|  |TAMS 0x00000000fff00000, 0x00000000fff00000| Untracked 

Card table byte_map: [0x00007f5a6c287000,0x00007f5a6c666000] _byte_map_base: 0x00007f5a6be66000

Marking Bits (Prev, Next): (CMBitMap*) 0x00007f5a84068e10, (CMBitMap*) 0x00007f5a84068e50
 Prev Bits: [0x00007f5a69fb0000, 0x00007f5a6bea8000)
 Next Bits: [0x00007f5a680b8000, 0x00007f5a69fb0000)

Polling page: 0x00007f5a8ac85000

Metaspace:

Usage:
  Non-class:      6.20 MB capacity,     5.60 MB ( 90%) used,   610.70 KB ( 10%) free+waste,     8.00 KB ( <1%) overhead. 
      Class:    562.00 KB capacity,   466.98 KB ( 83%) used,    91.83 KB ( 16%) free+waste,     3.19 KB ( <1%) overhead. 
       Both:      6.75 MB capacity,     6.05 MB ( 90%) used,   702.52 KB ( 10%) free+waste,    11.19 KB ( <1%) overhead. 

Virtual space:
  Non-class space:        8.00 MB reserved,       6.50 MB ( 81%) committed 
      Class space:        1.00 GB reserved,     640.00 KB ( <1%) committed 
             Both:        1.01 GB reserved,       7.12 MB ( <1%) committed 

Chunk freelists:
   Non-Class:  115.00 KB
       Class:  30.00 KB
        Both:  145.00 KB

MaxMetaspaceSize: 17179869184.00 GB
CompressedClassSpaceSize: 1.00 GB

CodeHeap 'non-profiled nmethods': size=120028Kb used=400Kb max_used=400Kb free=119627Kb
 bounds [0x00007f5a7450e000, 0x00007f5a7477e000, 0x00007f5a7ba45000]
CodeHeap 'profiled nmethods': size=120028Kb used=1557Kb max_used=1557Kb free=118470Kb
 bounds [0x00007f5a6cfd7000, 0x00007f5a6d247000, 0x00007f5a7450e000]
CodeHeap 'non-nmethods': size=5704Kb used=1325Kb max_used=1341Kb free=4378Kb
 bounds [0x00007f5a6ca45000, 0x00007f5a6ccb5000, 0x00007f5a6cfd7000]
 total_blobs=1665 nmethods=1028 adapters=551
 compilation: enabled
              stopped_count=0, restarted_count=0
 full_count=0

Compilation events (20 events):
Event: 269.804 Thread 0x00007f5a84132070 1020   !   4       sun.awt.X11.XToolkit::callTimeoutTasks (220 bytes)
Event: 269.806 Thread 0x00007f5a84132070 nmethod 1020 0x00007f5a7456f010 code [0x00007f5a7456f1a0, 0x00007f5a7456f2b8]
Event: 269.808 Thread 0x00007f5a84132070 1021   !   4       sun.awt.X11.XToolkit::getNextTaskTime (55 bytes)
Event: 269.812 Thread 0x00007f5a84132070 nmethod 1021 0x00007f5a7456f510 code [0x00007f5a7456f6e0, 0x00007f5a7456fbf8]
Event: 316.509 Thread 0x00007f5a84132070 1022   !   4       java.util.concurrent.locks.AbstractQueuedSynchronizer::acquire (407 bytes)
Event: 316.521 Thread 0x00007f5a84132070 nmethod 1022 0x00007f5a7456fe90 code [0x00007f5a74570040, 0x00007f5a74570dc8]
Event: 452.810 Thread 0x00007f5a84132070 1023       4       java.util.concurrent.locks.AbstractQueuedSynchronizer$Node::getAndUnsetStatus (14 bytes)
Event: 452.811 Thread 0x00007f5a84132070 nmethod 1023 0x00007f5a74571310 code [0x00007f5a74571480, 0x00007f5a74571518]
Event: 488.612 Thread 0x00007f5a84132070 1024       4       java.util.concurrent.locks.AbstractQueuedSynchronizer::acquire (20 bytes)
Event: 488.614 Thread 0x00007f5a84132070 nmethod 1024 0x00007f5a74571610 code [0x00007f5a745717a0, 0x00007f5a74571948]
Event: 542.713 Thread 0x00007f5a84132070 1025       4       java.util.concurrent.locks.LockSupport::unpark (12 bytes)
Event: 542.714 Thread 0x00007f5a84132070 nmethod 1025 0x00007f5a74571a10 code [0x00007f5a74571b80, 0x00007f5a74571c08]
Event: 757.788 Thread 0x00007f5a841338a0 1026       3       org.lwjgl.opengl.Sync$RunningAvg::dampenForLowResTicker (42 bytes)
Event: 757.788 Thread 0x00007f5a841338a0 nmethod 1026 0x00007f5a6d15ba10 code [0x00007f5a6d15bbe0, 0x00007f5a6d15be40]
Event: 840.989 Thread 0x00007f5a84132070 1027       4       org.lwjgl.opengl.Sync$RunningAvg::dampenForLowResTicker (42 bytes)
Event: 840.994 Thread 0x00007f5a84132070 nmethod 1027 0x00007f5a74571d10 code [0x00007f5a74571f00, 0x00007f5a74572218]
Event: 913.580 Thread 0x00007f5a841338a0 1028       3       java.util.concurrent.locks.AbstractQueuedSynchronizer$ExclusiveNode::<init> (5 bytes)
Event: 913.580 Thread 0x00007f5a841338a0 nmethod 1028 0x00007f5a6d15bf90 code [0x00007f5a6d15c120, 0x00007f5a6d15c2d0]
Event: 913.580 Thread 0x00007f5a841338a0 1029       3       java.util.concurrent.locks.AbstractQueuedSynchronizer$Node::<init> (5 bytes)
Event: 913.581 Thread 0x00007f5a841338a0 nmethod 1029 0x00007f5a6d15c390 code [0x00007f5a6d15c520, 0x00007f5a6d15c670]

GC Heap History (0 events):
No events

Deoptimization events (20 events):
Event: 2.913 Thread 0x00007f5a844bc1d0 DEOPT PACKING pc=0x00007f5a6d0fd79d sp=0x00007f5a1a05a750
Event: 2.913 Thread 0x00007f5a844bc1d0 DEOPT UNPACKING pc=0x00007f5a6ca92f2b sp=0x00007f5a1a059cf8 mode 0
Event: 3.014 Thread 0x00007f5a844bc1d0 DEOPT PACKING pc=0x00007f5a6d0fd79d sp=0x00007f5a1a05a750
Event: 3.014 Thread 0x00007f5a844bc1d0 DEOPT UNPACKING pc=0x00007f5a6ca92f2b sp=0x00007f5a1a059cf8 mode 0
Event: 3.147 Thread 0x00007f5a844bc1d0 DEOPT PACKING pc=0x00007f5a6d0fd79d sp=0x00007f5a1a05a750
Event: 3.147 Thread 0x00007f5a844bc1d0 DEOPT UNPACKING pc=0x00007f5a6ca92f2b sp=0x00007f5a1a059cf8 mode 0
Event: 3.197 Thread 0x00007f5a844bc1d0 DEOPT PACKING pc=0x00007f5a6d0fd79d sp=0x00007f5a1a05a750
Event: 3.197 Thread 0x00007f5a844bc1d0 DEOPT UNPACKING pc=0x00007f5a6ca92f2b sp=0x00007f5a1a059cf8 mode 0
Event: 755.673 Thread 0x00007f5a844bc1d0 Uncommon trap: trap_request=0xffffff45 fr.pc=0x00007f5a7455ad58 relative=0x0000000000000158
Event: 755.673 Thread 0x00007f5a844bc1d0 Uncommon trap: reason=unstable_if action=reinterpret pc=0x00007f5a7455ad58 method=org.lwjgl.opengl.Sync$RunningAvg.dampenForLowResTicker()V @ 8 c2
Event: 755.673 Thread 0x00007f5a844bc1d0 DEOPT PACKING pc=0x00007f5a7455ad58 sp=0x00007f5a1a05a860
Event: 755.673 Thread 0x00007f5a844bc1d0 DEOPT UNPACKING pc=0x00007f5a6ca93125 sp=0x00007f5a1a05a810 mode 2
Event: 913.545 Thread 0x00007f59d4001c70 Uncommon trap: trap_request=0xffffffde fr.pc=0x00007f5a745718ec relative=0x000000000000014c
Event: 913.545 Thread 0x00007f59d4001c70 Uncommon trap: reason=class_check action=maybe_recompile pc=0x00007f5a745718ec method=java.util.concurrent.locks.AbstractQueuedSynchronizer.acquire(I)V @ 2 c2
Event: 913.545 Thread 0x00007f59d4001c70 DEOPT PACKING pc=0x00007f5a745718ec sp=0x00007f5a19f59830
Event: 913.545 Thread 0x00007f59d4001c70 DEOPT UNPACKING pc=0x00007f5a6ca93125 sp=0x00007f5a19f597f8 mode 2
Event: 913.557 Thread 0x00007f59ec0013c0 Uncommon trap: trap_request=0xffffff45 fr.pc=0x00007f5a74570d7c relative=0x0000000000000d3c
Event: 913.557 Thread 0x00007f59ec0013c0 Uncommon trap: reason=unstable_if action=reinterpret pc=0x00007f5a74570d7c method=java.util.concurrent.locks.AbstractQueuedSynchronizer.acquire(Ljava/util/concurrent/locks/AbstractQueuedSynchronizer$Node;IZZZJ)I @ 49 c2
Event: 913.557 Thread 0x00007f59ec0013c0 DEOPT PACKING pc=0x00007f5a74570d7c sp=0x00007f59e12fcf10
Event: 913.557 Thread 0x00007f59ec0013c0 DEOPT UNPACKING pc=0x00007f5a6ca93125 sp=0x00007f59e12fce98 mode 2

Classes unloaded (0 events):
No events

Classes redefined (0 events):
No events

Internal exceptions (13 events):
Event: 0.192 Thread 0x00007f5a840287e0 Exception <a 'java/lang/ClassNotFoundException'{0x000000008bbe7480}: sun/awt/resources/spi/awtProvider> (0x000000008bbe7480) 
thrown [./src/hotspot/share/classfile/systemDictionary.cpp, line 295]
Event: 0.200 Thread 0x00007f5a840287e0 Exception <a 'java/lang/NoSuchMethodError'{0x000000008bbfc870}: 'java.lang.Object java.lang.invoke.DirectMethodHandle$Holder.invokeStatic(java.lang.Object)'> (0x000000008bbfc870) 
thrown [./src/hotspot/share/interpreter/linkResolver.cpp, line 782]
Event: 0.226 Thread 0x00007f5a840287e0 Exception <a 'java/io/FileNotFoundException'{0x000000008ba47d10}> (0x000000008ba47d10) 
thrown [./src/hotspot/share/prims/jni.cpp, line 578]
Event: 0.240 Thread 0x00007f5a840287e0 Exception <a 'java/io/FileNotFoundException'{0x000000008ba766a8}> (0x000000008ba766a8) 
thrown [./src/hotspot/share/prims/jni.cpp, line 578]
Event: 0.246 Thread 0x00007f5a840287e0 Exception <a 'java/lang/NoSuchMethodError'{0x000000008ba79c38}: 'void java.lang.invoke.DirectMethodHandle$Holder.invokeSpecial(java.lang.Object, java.lang.Object, java.lang.Object)'> (0x000000008ba79c38) 
thrown [./src/hotspot/share/interpreter/linkResolver.cpp, line 782]
Event: 0.332 Thread 0x00007f5a840287e0 Exception <a 'java/lang/NoSuchMethodError'{0x000000008baff0d8}: 'java.lang.Object java.lang.invoke.DirectMethodHandle$Holder.invokeStaticInit(java.lang.Object)'> (0x000000008baff0d8) 
thrown [./src/hotspot/share/interpreter/linkResolver.cpp, line 782]
Event: 0.426 Thread 0x00007f5a844bc1d0 Exception <a 'java/lang/NoSuchMethodError'{0x000000008b778f38}: 'java.lang.Object java.lang.invoke.DirectMethodHandle$Holder.invokeStaticInit(java.lang.Object, java.lang.Object, long, java.lang.Object)'> (0x000000008b778f38) 
thrown [./src/hotspot/share/interpreter/linkResolver.cpp, line 782]
Event: 0.427 Thread 0x00007f5a844bc1d0 Exception <a 'java/lang/NoSuchMethodError'{0x000000008b7f5a98}: 'java.lang.Object java.lang.invoke.DirectMethodHandle$Holder.newInvokeSpecial(java.lang.Object, java.lang.Object, long)'> (0x000000008b7f5a98) 
thrown [./src/hotspot/share/interpreter/linkResolver.cpp, line 782]
Event: 0.429 Thread 0x00007f5a844bc1d0 Exception <a 'java/lang/NoSuchMethodError'{0x000000008b7f9808}: 'java.lang.Object java.lang.invoke.Invokers$Holder.linkToTargetMethod(java.lang.Object, long, java.lang.Object)'> (0x000000008b7f9808) 
thrown [./src/hotspot/share/interpreter/linkResolver.cpp, line 782]
Event: 0.431 Thread 0x00007f5a844bc1d0 Exception <a 'java/lang/NoSuchMethodError'{0x000000008b6012d8}: 'java.lang.Object java.lang.invoke.DirectMethodHandle$Holder.newInvokeSpecial(java.lang.Object, java.lang.Object, java.lang.Object, int)'> (0x000000008b6012d8) 
thrown [./src/hotspot/share/interpreter/linkResolver.cpp, line 782]
Event: 0.432 Thread 0x00007f5a844bc1d0 Exception <a 'java/lang/NoSuchMethodError'{0x000000008b6057c0}: 'java.lang.Object java.lang.invoke.DirectMethodHandle$Holder.invokeSpecial(java.lang.Object, java.lang.Object, java.lang.Object, java.lang.Object, int)'> (0x000000008b6057c0) 
thrown [./src/hotspot/share/interpreter/linkResolver.cpp, line 782]
Event: 0.433 Thread 0x00007f5a844bc1d0 Exception <a 'java/lang/NoSuchMethodError'{0x000000008b609580}: 'java.lang.Object java.lang.invoke.Invokers$Holder.linkToTargetMethod(java.lang.Object, java.lang.Object, int, java.lang.Object)'> (0x000000008b609580) 
thrown [./src/hotspot/share/interpreter/linkResolver.cpp, line 782]
Event: 0.454 Thread 0x00007f5a844bc1d0 Exception <a 'java/lang/NoClassDefFoundError'{0x000000008b62fa50}: org/lwjgl/opengles/GLContext> (0x000000008b62fa50) 
thrown [./src/hotspot/share/classfile/systemDictionary.cpp, line 284]

Events (20 events):
Event: 913.539 loading class jdk/internal/misc/Signal$1
Event: 913.540 loading class jdk/internal/misc/Signal$1 done
Event: 913.540 Thread 0x00007f5a3c000ed0 Thread added: 0x00007f5a3c000ed0
Event: 913.540 Protecting memory [0x00007f59e12ff000,0x00007f59e1303000] with protection modes 0
Event: 913.540 Thread 0x00007f59ec0013c0 Thread added: 0x00007f59ec0013c0
Event: 913.541 Protecting memory [0x00007f59e11fe000,0x00007f59e1202000] with protection modes 0
Event: 913.541 loading class sun/awt/X11/XSystemTrayPeer
Event: 913.541 Thread 0x00007f59ec0025c0 Thread added: 0x00007f59ec0025c0
Event: 913.541 Protecting memory [0x00007f59e10fd000,0x00007f59e1101000] with protection modes 0
Event: 913.544 Thread 0x00007f59d4001c70 Thread added: 0x00007f59d4001c70
Event: 913.545 Protecting memory [0x00007f5a19f39000,0x00007f5a19f3d000] with protection modes 0
Event: 913.556 loading class java/awt/peer/SystemTrayPeer
Event: 913.556 loading class java/awt/peer/SystemTrayPeer done
Event: 913.556 loading class sun/awt/X11/XMSelectionListener
Event: 913.556 loading class sun/awt/X11/XMSelectionListener done
Event: 913.556 